2024-03-02 10:33:44,488 [Worker-6: Loading available Gradle versions] INFO  o.e.b.c.i.u.g.PublishedGradleVersions - Gradle version information cache is up-to-date. Trying to read.
2024-03-02 10:34:17,648 [Worker-11: Importing Maven projects] INFO  o.e.m.c.i.l.LifecycleMappingFactory - Using org.eclipse.m2e.jdt.JarLifecycleMapping lifecycle mapping for MavenProject: net.codejava:SpringBootHelloWorld:0.0.1-SNAPSHOT @ C:\Users\ASUS\Desktop\Librosnew\CVDS\CVDS-LAB-5.1\SpringBootHelloWorld\pom.xml.
2024-03-02 10:34:27,929 [Worker-11: Importing Maven projects] INFO  o.e.m.j.i.AbstractJavaProjectConfigurator - Adding source folder /SpringBootHelloWorld/src/main/java
2024-03-02 10:34:27,930 [Worker-11: Importing Maven projects] INFO  o.e.m.j.i.AbstractJavaProjectConfigurator - Adding resource folder /SpringBootHelloWorld/src/main/resources
2024-03-02 10:34:27,937 [Worker-11: Importing Maven projects] INFO  o.e.m.j.i.AbstractJavaProjectConfigurator - Adding resource folder /SpringBootHelloWorld/src/main/resources
2024-03-02 10:34:27,945 [Worker-11: Importing Maven projects] INFO  o.e.m.j.i.AbstractJavaProjectConfigurator - Adding source folder /SpringBootHelloWorld/src/test/java
2024-03-02 10:34:27,946 [Worker-11: Importing Maven projects] INFO  o.e.m.j.i.AbstractJavaProjectConfigurator - Adding resource folder /SpringBootHelloWorld/src/test/resources
2024-03-02 10:34:31,439 [Worker-11: Importing Maven projects] INFO  o.e.m.c.i.p.ProjectConfigurationManager - Imported and configured 1 project(s) in 22 sec
2024-03-02 10:34:33,117 [Worker-11: Building] INFO  o.a.m.s.f.DefaultMavenResourcesFiltering - Copying 1 resource from src\main\resources to target\classes
2024-03-02 10:34:33,370 [Worker-11: Building] INFO  o.a.m.s.f.DefaultMavenResourcesFiltering - Copying 0 resource from src\main\resources to target\classes
2024-03-02 10:34:33,509 [Worker-11: Building] INFO  o.a.m.s.f.DefaultMavenResourcesFiltering - skip non existing resourceDirectory C:\Users\ASUS\Desktop\Librosnew\CVDS\CVDS-LAB-5.1\SpringBootHelloWorld\src\test\resources
2024-03-02 10:44:19,802 [Worker-12: Launching SpringBootHelloWorldApplication] INFO  o.a.m.s.f.DefaultMavenResourcesFiltering - Copying 1 resource from src\main\resources to target\classes
2024-03-02 10:44:19,811 [Worker-12: Launching SpringBootHelloWorldApplication] INFO  o.a.m.s.f.DefaultMavenResourcesFiltering - Copying 0 resource from src\main\resources to target\classes
2024-03-02 10:44:19,815 [Worker-12: Launching SpringBootHelloWorldApplication] INFO  o.a.m.s.f.DefaultMavenResourcesFiltering - skip non existing resourceDirectory C:\Users\ASUS\Desktop\Librosnew\CVDS\CVDS-LAB-5.1\SpringBootHelloWorld\src\test\resources
2024-03-02 10:48:01,367 [Worker-5: Launching SpringBootHelloWorldApplication] INFO  o.a.m.s.f.DefaultMavenResourcesFiltering - Copying 1 resource from src\main\resources to target\classes
2024-03-02 10:48:01,391 [Worker-5: Launching SpringBootHelloWorldApplication] INFO  o.a.m.s.f.DefaultMavenResourcesFiltering - Copying 0 resource from src\main\resources to target\classes
2024-03-02 10:48:01,397 [Worker-5: Launching SpringBootHelloWorldApplication] INFO  o.a.m.s.f.DefaultMavenResourcesFiltering - skip non existing resourceDirectory C:\Users\ASUS\Desktop\Librosnew\CVDS\CVDS-LAB-5.1\SpringBootHelloWorld\src\test\resources
2024-03-02 12:54:14,667 [Worker-2: Loading available Gradle versions] INFO  o.e.b.c.i.u.g.PublishedGradleVersions - Gradle version information cache is up-to-date. Trying to read.
2024-03-02 12:56:33,104 [Worker-6: Building] INFO  o.a.m.s.f.DefaultMavenResourcesFiltering - Copying 1 resource from src\main\resources to target\classes
2024-03-02 12:56:33,613 [Worker-6: Building] INFO  o.a.m.s.f.DefaultMavenResourcesFiltering - Copying 0 resource from src\main\resources to target\classes
2024-03-02 12:56:33,620 [Worker-6: Building] INFO  o.a.m.s.f.DefaultMavenResourcesFiltering - skip non existing resourceDirectory C:\Users\ASUS\Desktop\Librosnew\CVDS\CVDS-LAB-5.1\SpringBootHelloWorld\src\test\resources
2024-03-02 13:00:26,700 [Worker-7: Launching SpringBootHelloWorldApplication] INFO  o.a.m.s.f.DefaultMavenResourcesFiltering - Copying 1 resource from src\main\resources to target\classes
2024-03-02 13:00:26,727 [Worker-7: Launching SpringBootHelloWorldApplication] INFO  o.a.m.s.f.DefaultMavenResourcesFiltering - Copying 14 resources from src\main\resources to target\classes
2024-03-02 13:00:27,719 [Worker-7: Launching SpringBootHelloWorldApplication] INFO  o.a.m.s.f.DefaultMavenResourcesFiltering - skip non existing resourceDirectory C:\Users\ASUS\Desktop\Librosnew\CVDS\CVDS-LAB-5.1\SpringBootHelloWorld\src\test\resources
